default-content.bundle.js:422 "EXTENSION"
 BaseContentPage init

warehouses:1 Uncaught (in promise) The message port closed before a response was received.
multi-tabs.js:5075 Injected CSS loaded successfully
read.js:2530 READ - Host validation failed: Object
content.js:2524 Host is not supported
content.js:2526 Host is not valid or supported
content.js:2526 Host is not in insights whitelist
installHook.js:1 Warning: Missing `Description` or `aria-describedby={undefined}` for {DialogContent}. Error Component Stack
    at DescriptionWarning (@radix-ui_react-dialog.js?v=af59d1b6:338:29)
    at @radix-ui_react-dialog.js?v=af59d1b6:242:13
    at @radix-ui_react-dialog.js?v=af59d1b6:165:58
    at Presence (chunk-AB52UK37.js?v=af59d1b6:24:11)
    at @radix-ui_react-dialog.js?v=af59d1b6:156:64
    at chunk-LHPXHTGV.js?v=af59d1b6:43:13
    at chunk-LHPXHTGV.js?v=af59d1b6:20:13
    at chunk-IWFJIMEQ.js?v=af59d1b6:42:13
    at chunk-FA4ZP5D4.js?v=af59d1b6:244:22
    at Presence (chunk-AB52UK37.js?v=af59d1b6:24:11)
    at Provider (chunk-OXZDJRWN.js?v=af59d1b6:38:15)
    at DialogPortal (@radix-ui_react-dialog.js?v=af59d1b6:118:11)
    at _c3 (dialog.tsx:35:6)
    at Provider (chunk-OXZDJRWN.js?v=af59d1b6:38:15)
    at Dialog (@radix-ui_react-dialog.js?v=af59d1b6:59:5)
    at div (<anonymous>)
    at div (<anonymous>)
    at main (<anonymous>)
    at div (<anonymous>)
    at div (<anonymous>)
    at AppLayout (app-layout.tsx:11:22)
    at Warehouses (warehouses.tsx:16:41)
    at Route (wouter.js?v=af59d1b6:191:16)
    at Switch (wouter.js?v=af59d1b6:247:17)
    at Router (App.tsx:45:48)
    at Provider (chunk-OXZDJRWN.js?v=af59d1b6:38:15)
    at TooltipProvider (@radix-ui_react-tooltip.js?v=af59d1b6:67:5)
    at QueryClientProvider (@tanstack_react-query.js?v=af59d1b6:2805:3)
    at App (<anonymous>)
overrideMethod @ installHook.js:1
(anonymous) @ @radix-ui_react-dialog.js?v=af59d1b6:346
commitHookEffectListMount @ chunk-RPCDYKBN.js?v=af59d1b6:16915
commitPassiveMountOnFiber @ chunk-RPCDYKBN.js?v=af59d1b6:18156
commitPassiveMountEffects_complete @ chunk-RPCDYKBN.js?v=af59d1b6:18129
commitPassiveMountEffects_begin @ chunk-RPCDYKBN.js?v=af59d1b6:18119
commitPassiveMountEffects @ chunk-RPCDYKBN.js?v=af59d1b6:18109
flushPassiveEffectsImpl @ chunk-RPCDYKBN.js?v=af59d1b6:19490
flushPassiveEffects @ chunk-RPCDYKBN.js?v=af59d1b6:19447
commitRootImpl @ chunk-RPCDYKBN.js?v=af59d1b6:19416
commitRoot @ chunk-RPCDYKBN.js?v=af59d1b6:19277
performSyncWorkOnRoot @ chunk-RPCDYKBN.js?v=af59d1b6:18895
flushSyncCallbacks @ chunk-RPCDYKBN.js?v=af59d1b6:9119
(anonymous) @ chunk-RPCDYKBN.js?v=af59d1b6:18627
warehouses:1 Denying load of chrome-extension://nllcnknpjnininklegdoijpljgdjkijc/html/popup.html. Resources must be listed in the web_accessible_resources manifest key in order to be loaded by pages outside the extension.
quillbot-content.js:2  HEAD chrome-extension://invalid/ net::ERR_FAILED
(anonymous) @ quillbot-content.js:2
(anonymous) @ quillbot-content.js:2
l @ quillbot-content.js:2
(anonymous) @ quillbot-content.js:2
asyncGeneratorStep$9 @ quillbot-content.js:2
a @ quillbot-content.js:2
(anonymous) @ quillbot-content.js:2
(anonymous) @ quillbot-content.js:2
detectCompetitorExtensions @ quillbot-content.js:2
(anonymous) @ quillbot-content.js:2
(anonymous) @ quillbot-content.js:2
(anonymous) @ quillbot-content.js:2
r @ quillbot-content.js:23
s @ quillbot-content.js:23
(anonymous) @ quillbot-content.js:23
(anonymous) @ quillbot-content.js:23
(anonymous) @ quillbot-content.js:2
setTimeout
g @ quillbot-content.js:2
g @ quillbot-content.js:23
value @ quillbot-content.js:23
(anonymous) @ quillbot-content.js:23
requestAnimationFrame
value @ quillbot-content.js:23
e @ quillbot-content.js:23
value @ quillbot-content.js:23
(anonymous) @ quillbot-content.js:23
setTimeout
c @ quillbot-content.js:23
value @ quillbot-content.js:23
(anonymous) @ quillbot-content.js:23
quillbot-content.js:2  HEAD chrome-extension://invalid/ net::ERR_FAILED
(anonymous) @ quillbot-content.js:2
(anonymous) @ quillbot-content.js:2
l @ quillbot-content.js:2
(anonymous) @ quillbot-content.js:2
asyncGeneratorStep$9 @ quillbot-content.js:2
a @ quillbot-content.js:2
(anonymous) @ quillbot-content.js:2
(anonymous) @ quillbot-content.js:2
detectCompetitorExtensions @ quillbot-content.js:2
(anonymous) @ quillbot-content.js:2
(anonymous) @ quillbot-content.js:2
(anonymous) @ quillbot-content.js:2
r @ quillbot-content.js:23
s @ quillbot-content.js:23
(anonymous) @ quillbot-content.js:23
(anonymous) @ quillbot-content.js:23
(anonymous) @ quillbot-content.js:2
setTimeout
g @ quillbot-content.js:2
g @ quillbot-content.js:23
value @ quillbot-content.js:23
(anonymous) @ quillbot-content.js:23
requestAnimationFrame
value @ quillbot-content.js:23
e @ quillbot-content.js:23
value @ quillbot-content.js:23
(anonymous) @ quillbot-content.js:23
setTimeout
c @ quillbot-content.js:23
value @ quillbot-content.js:23
(anonymous) @ quillbot-content.js:23
quillbot-content.js:2  HEAD chrome-extension://invalid/ net::ERR_FAILED
(anonymous) @ quillbot-content.js:2
(anonymous) @ quillbot-content.js:2
l @ quillbot-content.js:2
(anonymous) @ quillbot-content.js:2
asyncGeneratorStep$9 @ quillbot-content.js:2
a @ quillbot-content.js:2
(anonymous) @ quillbot-content.js:2
(anonymous) @ quillbot-content.js:2
detectCompetitorExtensions @ quillbot-content.js:2
(anonymous) @ quillbot-content.js:2
(anonymous) @ quillbot-content.js:2
(anonymous) @ quillbot-content.js:2
r @ quillbot-content.js:23
s @ quillbot-content.js:23
(anonymous) @ quillbot-content.js:23
(anonymous) @ quillbot-content.js:23
(anonymous) @ quillbot-content.js:2
setTimeout
g @ quillbot-content.js:2
g @ quillbot-content.js:23
value @ quillbot-content.js:23
(anonymous) @ quillbot-content.js:23
requestAnimationFrame
value @ quillbot-content.js:23
e @ quillbot-content.js:23
value @ quillbot-content.js:23
(anonymous) @ quillbot-content.js:23
setTimeout
c @ quillbot-content.js:23
value @ quillbot-content.js:23
(anonymous) @ quillbot-content.js:23
quillbot-content.js:2  HEAD chrome-extension://invalid/ net::ERR_FAILED
(anonymous) @ quillbot-content.js:2
(anonymous) @ quillbot-content.js:2
l @ quillbot-content.js:2
(anonymous) @ quillbot-content.js:2
asyncGeneratorStep$9 @ quillbot-content.js:2
a @ quillbot-content.js:2
(anonymous) @ quillbot-content.js:2
(anonymous) @ quillbot-content.js:2
detectCompetitorExtensions @ quillbot-content.js:2
(anonymous) @ quillbot-content.js:2
(anonymous) @ quillbot-content.js:2
(anonymous) @ quillbot-content.js:2
r @ quillbot-content.js:23
s @ quillbot-content.js:23
(anonymous) @ quillbot-content.js:23
(anonymous) @ quillbot-content.js:23
(anonymous) @ quillbot-content.js:2
setTimeout
g @ quillbot-content.js:2
g @ quillbot-content.js:23
value @ quillbot-content.js:23
(anonymous) @ quillbot-content.js:23
requestAnimationFrame
value @ quillbot-content.js:23
e @ quillbot-content.js:23
value @ quillbot-content.js:23
(anonymous) @ quillbot-content.js:23
setTimeout
c @ quillbot-content.js:23
value @ quillbot-content.js:23
(anonymous) @ quillbot-content.js:23
quillbot-content.js:2  HEAD chrome-extension://invalid/ net::ERR_FAILED
(anonymous) @ quillbot-content.js:2
(anonymous) @ quillbot-content.js:2
l @ quillbot-content.js:2
(anonymous) @ quillbot-content.js:2
asyncGeneratorStep$9 @ quillbot-content.js:2
a @ quillbot-content.js:2
(anonymous) @ quillbot-content.js:2
(anonymous) @ quillbot-content.js:2
detectCompetitorExtensions @ quillbot-content.js:2
(anonymous) @ quillbot-content.js:2
(anonymous) @ quillbot-content.js:2
(anonymous) @ quillbot-content.js:2
r @ quillbot-content.js:23
s @ quillbot-content.js:23
(anonymous) @ quillbot-content.js:23
(anonymous) @ quillbot-content.js:23
(anonymous) @ quillbot-content.js:2
setTimeout
g @ quillbot-content.js:2
g @ quillbot-content.js:23
value @ quillbot-content.js:23
(anonymous) @ quillbot-content.js:23
requestAnimationFrame
value @ quillbot-content.js:23
e @ quillbot-content.js:23
value @ quillbot-content.js:23
(anonymous) @ quillbot-content.js:23
setTimeout
c @ quillbot-content.js:23
value @ quillbot-content.js:23
(anonymous) @ quillbot-content.js:23
quillbot-content.js:2  HEAD chrome-extension://invalid/ net::ERR_FAILED
(anonymous) @ quillbot-content.js:2
(anonymous) @ quillbot-content.js:2
l @ quillbot-content.js:2
(anonymous) @ quillbot-content.js:2
asyncGeneratorStep$9 @ quillbot-content.js:2
a @ quillbot-content.js:2
(anonymous) @ quillbot-content.js:2
(anonymous) @ quillbot-content.js:2
detectCompetitorExtensions @ quillbot-content.js:2
(anonymous) @ quillbot-content.js:2
(anonymous) @ quillbot-content.js:2
(anonymous) @ quillbot-content.js:2
r @ quillbot-content.js:23
s @ quillbot-content.js:23
(anonymous) @ quillbot-content.js:23
(anonymous) @ quillbot-content.js:23
(anonymous) @ quillbot-content.js:2
setTimeout
g @ quillbot-content.js:2
g @ quillbot-content.js:23
value @ quillbot-content.js:23
(anonymous) @ quillbot-content.js:23
requestAnimationFrame
value @ quillbot-content.js:23
e @ quillbot-content.js:23
value @ quillbot-content.js:23
(anonymous) @ quillbot-content.js:23
setTimeout
c @ quillbot-content.js:23
value @ quillbot-content.js:23
(anonymous) @ quillbot-content.js:23
quillbot-content.js:2  HEAD chrome-extension://invalid/ net::ERR_FAILED
(anonymous) @ quillbot-content.js:2
(anonymous) @ quillbot-content.js:2
l @ quillbot-content.js:2
(anonymous) @ quillbot-content.js:2
asyncGeneratorStep$9 @ quillbot-content.js:2
a @ quillbot-content.js:2
(anonymous) @ quillbot-content.js:2
(anonymous) @ quillbot-content.js:2
detectCompetitorExtensions @ quillbot-content.js:2
(anonymous) @ quillbot-content.js:2
(anonymous) @ quillbot-content.js:2
(anonymous) @ quillbot-content.js:2
r @ quillbot-content.js:23
s @ quillbot-content.js:23
(anonymous) @ quillbot-content.js:23
(anonymous) @ quillbot-content.js:23
(anonymous) @ quillbot-content.js:2
setTimeout
g @ quillbot-content.js:2
g @ quillbot-content.js:23
value @ quillbot-content.js:23
(anonymous) @ quillbot-content.js:23
requestAnimationFrame
value @ quillbot-content.js:23
e @ quillbot-content.js:23
value @ quillbot-content.js:23
(anonymous) @ quillbot-content.js:23
setTimeout
c @ quillbot-content.js:23
value @ quillbot-content.js:23
(anonymous) @ quillbot-content.js:23
quillbot-content.js:2  HEAD chrome-extension://invalid/ net::ERR_FAILED
(anonymous) @ quillbot-content.js:2
(anonymous) @ quillbot-content.js:2
l @ quillbot-content.js:2
(anonymous) @ quillbot-content.js:2
asyncGeneratorStep$9 @ quillbot-content.js:2
a @ quillbot-content.js:2
(anonymous) @ quillbot-content.js:2
(anonymous) @ quillbot-content.js:2
detectCompetitorExtensions @ quillbot-content.js:2
(anonymous) @ quillbot-content.js:2
(anonymous) @ quillbot-content.js:2
(anonymous) @ quillbot-content.js:2
r @ quillbot-content.js:23
s @ quillbot-content.js:23
(anonymous) @ quillbot-content.js:23
(anonymous) @ quillbot-content.js:23
(anonymous) @ quillbot-content.js:2
setTimeout
g @ quillbot-content.js:2
g @ quillbot-content.js:23
value @ quillbot-content.js:23
(anonymous) @ quillbot-content.js:23
requestAnimationFrame
value @ quillbot-content.js:23
e @ quillbot-content.js:23
value @ quillbot-content.js:23
(anonymous) @ quillbot-content.js:23
setTimeout
c @ quillbot-content.js:23
value @ quillbot-content.js:23
(anonymous) @ quillbot-content.js:23
